 
****************************************
Report : area
Design : top
Version: T-2022.03-SP5
Date   : Thu Aug  8 17:20:44 2024
****************************************

Library(s) Used:

    PPDK_Standard_Library_0.6V_25C_TYP_X1 (File: /home/saggue00/synLibs/egfet_0.6V/db/EGFET_0.6V.db)

Number of ports:                            5
Number of nets:                            15
Number of cells:                           12
Number of combinational cells:              9
Number of sequential cells:                 3
Number of macros/black boxes:               0
Number of buf/inv:                          1
Number of references:                       5

Combinational area:            3003500.000000
Buf/Inv area:                   228420.000000
Noncombinational area:         8328096.000000
Macro/Black Box area:                0.000000
Net Interconnect area:      undefined  (No wire load specified)

Total cell area:              11331596.000000
Total area:                 undefined

Hierarchical area distribution
------------------------------

                                  Global cell area                 Local cell area
                                  ----------------------  ---------------------------------- 
Hierarchical cell                 Absolute       Percent  Combi-        Noncombi-     Black-
                                  Total          Total    national      national      boxes   Design
--------------------------------  -------------  -------  ------------  ------------  ------  ---------
top                               11331596.0000    100.0  3003500.0000  8328096.0000  0.0000  top
--------------------------------  -------------  -------  ------------  ------------  ------  ---------
Total                                                     3003500.0000  8328096.0000  0.0000

1
